<?xml version="1.0" encoding="UTF-8"?>
<testng-results skipped="0" failed="0" total="2" passed="2">
  <reporter-output>
  </reporter-output>
  <suite name="Default suite" duration-ms="16289" started-at="2013-06-25T08:30:50Z" finished-at="2013-06-25T08:31:06Z">
    <groups>
    </groups>
    <test name="Default test" duration-ms="16289" started-at="2013-06-25T08:30:50Z" finished-at="2013-06-25T08:31:06Z">
      <class name="Fetchitems">
        <test-method status="PASS" signature="NewTest()[pri:0, instance:Fetchitems@18fc7ca]" name="NewTest" duration-ms="31" started-at="2013-06-25T14:00:50Z" finished-at="2013-06-25T14:00:50Z">
          <reporter-output>
          </reporter-output>
        </test-method> <!-- NewTest -->
        <test-method status="PASS" signature="fin()[pri:0, instance:Fetchitems@18fc7ca]" name="fin" duration-ms="16258" started-at="2013-06-25T14:00:50Z" finished-at="2013-06-25T14:01:06Z">
          <reporter-output>
          </reporter-output>
        </test-method> <!-- fin -->
      </class> <!-- Fetchitems -->
    </test> <!-- Default test -->
  </suite> <!-- Default suite -->
</testng-results>
