<?xml version="1.0" encoding="UTF-8"?>
<!-- Generated by org.testng.reporters.JUnitXMLReporter -->
<testsuite hostname="urs-PC" tests="2" failures="1" timestamp="25 Jun 2013 08:24:54 GMT" time="17.272" errors="0">
  <testcase name="NewTest" time="0.015" classname="Fetchitems">
    <failure type="java.lang.NullPointerException">
      <![CDATA[java.lang.NullPointerException
	at Fetchitems.NewTest(Fetchitems.java:42)
... Removed 24 stack frames]]>
    </failure>
  </testcase> <!-- NewTest -->
  <testcase name="fin" time="17.225" classname="Fetchitems"/>
</testsuite>
